1538705298045	mozrunner::runner	INFO	Running command: "/usr/bin/firefox" "-marionette" "-foreground" "-no-remote" "-profile" "/tmp/rust_mozprofile.OQHlz0Q2b2Zf"

(firefox:6429): Gdk-WARNING **: 22:08:20.949: ../../../../../gdk/x11/gdkproperty-x11.c:224 invalid X atom: 1158295654
1538705302327	Marionette	INFO	Listening on port 33701
1538705302365	Marionette	WARN	TLS certificate errors will be ignored for this session
1538705302461	Marionette	DEBUG	[2147483649] Frame script loaded
1538705302462	Marionette	DEBUG	[2147483649] Frame script registered
1538705302485	Marionette	DEBUG	[2147483649] Received DOM event beforeunload for about:blank
1538705304438	Marionette	DEBUG	[2147483649] Received DOM event pagehide for about:blank
1538705305412	Marionette	DEBUG	[2147483649] Received DOM event DOMContentLoaded for https://www.dominos.ca/
1538705311251	Marionette	DEBUG	[2147483649] Received DOM event pageshow for https://www.dominos.ca/
1538705311323	Marionette	DEBUG	[2147483649] Received DOM event beforeunload for https://www.dominos.ca/
1538705311425	Marionette	DEBUG	[2147483649] Received DOM event pagehide for https://www.dominos.ca/
1538705311429	Marionette	DEBUG	[2147483649] Received DOM event unload for https://www.dominos.ca/
1538705311840	Marionette	DEBUG	[2147483649] Received observer notification outer-window-destroyed for 2147483653
1538705311840	Marionette	DEBUG	[2147483649] Received observer notification outer-window-destroyed for 2147483655
1538705311841	Marionette	DEBUG	[2147483649] Received observer notification outer-window-destroyed for 2147483673
1538705311842	Marionette	DEBUG	[2147483649] Received observer notification outer-window-destroyed for 2147483665
1538705311842	Marionette	DEBUG	[2147483649] Received observer notification outer-window-destroyed for 2147483657
1538705311843	Marionette	DEBUG	[2147483649] Received observer notification outer-window-destroyed for 2147483672
1538705311843	Marionette	DEBUG	[2147483649] Received observer notification outer-window-destroyed for 2147483662
1538705311844	Marionette	DEBUG	[2147483649] Received observer notification outer-window-destroyed for 2147483658
1538705311844	Marionette	DEBUG	[2147483649] Received observer notification outer-window-destroyed for 2147483675
1538705311845	Marionette	DEBUG	[2147483649] Received observer notification outer-window-destroyed for 2147483666
1538705311845	Marionette	DEBUG	[2147483649] Received observer notification outer-window-destroyed for 2147483659
1538705311887	Marionette	DEBUG	[2147483649] Received DOM event DOMContentLoaded for https://www.dominos.ca/pages/order/
1538705312697	Marionette	DEBUG	[2147483649] Received DOM event pageshow for https://www.dominos.ca/pages/order/#/locations/search/
1538705313094	Marionette	DEBUG	[2147483649] Canceled page load listener because no navigation has been detected
1538705334186	Marionette	DEBUG	[2147483693] Frame script loaded
1538705334200	Marionette	DEBUG	[2147483693] Frame script registered
1538705334289	Marionette	DEBUG	[4294967297] Frame script loaded
1538705334291	Marionette	DEBUG	[4294967297] Frame script registered
[Parent 6429, Gecko_IOThread] WARNING: pipe error (69): Connection reset by peer: file /build/firefox-LCnNpq/firefox-62.0+build2/ipc/chromium/src/chrome/common/ipc_channel_posix.cc, line 353
[Parent 6429, Gecko_IOThread] WARNING: pipe error (91): Connection reset by peer: file /build/firefox-LCnNpq/firefox-62.0+build2/ipc/chromium/src/chrome/common/ipc_channel_posix.cc, line 353
1538705356636	Marionette	INFO	Stopped listening on port 33701
1538705358357	mozrunner::runner	INFO	Running command: "/usr/bin/firefox" "-marionette" "-foreground" "-no-remote" "-profile" "/tmp/rust_mozprofile.gyvlH6UDxHHj"

(firefox:6794): Gdk-WARNING **: 22:09:21.072: ../../../../../gdk/x11/gdkproperty-x11.c:224 invalid X atom: 1630433889
1538705362594	Marionette	INFO	Listening on port 46053
1538705362672	Marionette	WARN	TLS certificate errors will be ignored for this session
1538705362763	Marionette	DEBUG	[2147483649] Frame script loaded
1538705362765	Marionette	DEBUG	[2147483649] Frame script registered
1538705362780	Marionette	DEBUG	[2147483649] Received DOM event beforeunload for about:blank
1538705365379	Marionette	DEBUG	[2147483649] Received DOM event pagehide for about:blank
1538705366423	Marionette	DEBUG	[2147483649] Received DOM event DOMContentLoaded for https://www.dominos.ca/
1538705371921	Marionette	DEBUG	[2147483649] Received observer notification outer-window-destroyed for 2147483675
1538705372281	Marionette	DEBUG	[2147483649] Received DOM event pageshow for https://www.dominos.ca/
1538705372351	Marionette	DEBUG	[2147483649] Received DOM event beforeunload for https://www.dominos.ca/
1538705372452	Marionette	DEBUG	[2147483649] Received DOM event pagehide for https://www.dominos.ca/
1538705372455	Marionette	DEBUG	[2147483649] Received DOM event unload for https://www.dominos.ca/
1538705372841	Marionette	DEBUG	[2147483649] Received observer notification outer-window-destroyed for 2147483653
1538705372842	Marionette	DEBUG	[2147483649] Received observer notification outer-window-destroyed for 2147483655
1538705372843	Marionette	DEBUG	[2147483649] Received observer notification outer-window-destroyed for 2147483671
1538705372843	Marionette	DEBUG	[2147483649] Received observer notification outer-window-destroyed for 2147483667
1538705372843	Marionette	DEBUG	[2147483649] Received observer notification outer-window-destroyed for 2147483657
1538705372845	Marionette	DEBUG	[2147483649] Received observer notification outer-window-destroyed for 2147483680
1538705372846	Marionette	DEBUG	[2147483649] Received observer notification outer-window-destroyed for 2147483668
1538705372846	Marionette	DEBUG	[2147483649] Received observer notification outer-window-destroyed for 2147483658
1538705372847	Marionette	DEBUG	[2147483649] Received observer notification outer-window-destroyed for 2147483681
1538705372847	Marionette	DEBUG	[2147483649] Received observer notification outer-window-destroyed for 2147483669
1538705372848	Marionette	DEBUG	[2147483649] Received observer notification outer-window-destroyed for 2147483659
1538705372888	Marionette	DEBUG	[2147483649] Received DOM event DOMContentLoaded for https://www.dominos.ca/pages/order/
1538705373923	Marionette	DEBUG	[2147483649] Received DOM event pageshow for https://www.dominos.ca/pages/order/#/locations/search/
1538705374316	Marionette	DEBUG	[2147483649] Canceled page load listener because no navigation has been detected
1538705438348	mozrunner::runner	INFO	Running command: "/usr/bin/firefox" "-marionette" "-foreground" "-no-remote" "-profile" "/tmp/rust_mozprofile.fUWl744LuZz8"
1538705442609	Marionette	INFO	Listening on port 45765
1538705442669	Marionette	WARN	TLS certificate errors will be ignored for this session
1538705442741	Marionette	DEBUG	[2147483649] Frame script loaded
1538705442755	Marionette	DEBUG	[2147483649] Frame script registered
1538705442768	Marionette	DEBUG	[2147483649] Received DOM event beforeunload for about:blank
1538705445388	Marionette	DEBUG	[2147483649] Received DOM event pagehide for about:blank
1538705447530	Marionette	DEBUG	[2147483649] Received DOM event DOMContentLoaded for https://www.dominos.ca/
1538705451834	Marionette	DEBUG	[2147483649] Received DOM event pageshow for https://www.dominos.ca/
1538705451962	Marionette	DEBUG	[2147483649] Received DOM event beforeunload for https://www.dominos.ca/
1538705452065	Marionette	DEBUG	[2147483649] Received DOM event pagehide for https://www.dominos.ca/
1538705452068	Marionette	DEBUG	[2147483649] Received DOM event unload for https://www.dominos.ca/
1538705452517	Marionette	DEBUG	[2147483649] Received observer notification outer-window-destroyed for 2147483653
1538705452518	Marionette	DEBUG	[2147483649] Received observer notification outer-window-destroyed for 2147483655
1538705452519	Marionette	DEBUG	[2147483649] Received observer notification outer-window-destroyed for 2147483673
1538705452520	Marionette	DEBUG	[2147483649] Received observer notification outer-window-destroyed for 2147483665
1538705452520	Marionette	DEBUG	[2147483649] Received observer notification outer-window-destroyed for 2147483657
1538705452523	Marionette	DEBUG	[2147483649] Received observer notification outer-window-destroyed for 2147483674
1538705452523	Marionette	DEBUG	[2147483649] Received observer notification outer-window-destroyed for 2147483668
1538705452523	Marionette	DEBUG	[2147483649] Received observer notification outer-window-destroyed for 2147483659
1538705452524	Marionette	DEBUG	[2147483649] Received observer notification outer-window-destroyed for 2147483675
1538705452524	Marionette	DEBUG	[2147483649] Received observer notification outer-window-destroyed for 2147483669
1538705452526	Marionette	DEBUG	[2147483649] Received observer notification outer-window-destroyed for 2147483660
1538705452527	Marionette	DEBUG	[2147483649] Received observer notification outer-window-destroyed for 2147483680
1538705452588	Marionette	DEBUG	[2147483649] Received DOM event DOMContentLoaded for https://www.dominos.ca/pages/order/
1538705453572	Marionette	DEBUG	[2147483649] Received DOM event pageshow for https://www.dominos.ca/pages/order/#/locations/search/
1538705453974	Marionette	DEBUG	[2147483649] Canceled page load listener because no navigation has been detected
1538705456418	Marionette	DEBUG	[2147483649] Canceled page load listener because no navigation has been detected
[Parent 7354, Gecko_IOThread] WARNING: pipe error (59): Connection reset by peer: file /build/firefox-LCnNpq/firefox-62.0+build2/ipc/chromium/src/chrome/common/ipc_channel_posix.cc, line 353
1538705480900	Marionette	INFO	Stopped listening on port 45765
1538705493175	mozrunner::runner	INFO	Running command: "/usr/bin/firefox" "-marionette" "-foreground" "-no-remote" "-profile" "/tmp/rust_mozprofile.grdahkXpSiax"
1538705497028	Marionette	INFO	Listening on port 35929
1538705497086	Marionette	WARN	TLS certificate errors will be ignored for this session
1538705497160	Marionette	DEBUG	[2147483649] Frame script loaded
1538705497161	Marionette	DEBUG	[2147483649] Frame script registered
1538705497197	Marionette	DEBUG	[2147483649] Received DOM event beforeunload for about:blank
1538705499128	Marionette	DEBUG	[2147483649] Received DOM event pagehide for about:blank
1538705500187	Marionette	DEBUG	[2147483649] Received DOM event DOMContentLoaded for https://www.dominos.ca/
1538705505464	Marionette	DEBUG	[2147483649] Received DOM event pageshow for https://www.dominos.ca/
1538705505567	Marionette	DEBUG	[2147483649] Received DOM event beforeunload for https://www.dominos.ca/
1538705505669	Marionette	DEBUG	[2147483649] Received DOM event pagehide for https://www.dominos.ca/
1538705505675	Marionette	DEBUG	[2147483649] Received DOM event unload for https://www.dominos.ca/
1538705506089	Marionette	DEBUG	[2147483649] Received observer notification outer-window-destroyed for 2147483653
1538705506090	Marionette	DEBUG	[2147483649] Received observer notification outer-window-destroyed for 2147483655
1538705506091	Marionette	DEBUG	[2147483649] Received observer notification outer-window-destroyed for 2147483674
1538705506091	Marionette	DEBUG	[2147483649] Received observer notification outer-window-destroyed for 2147483668
1538705506092	Marionette	DEBUG	[2147483649] Received observer notification outer-window-destroyed for 2147483657
1538705506092	Marionette	DEBUG	[2147483649] Received observer notification outer-window-destroyed for 2147483671
1538705506093	Marionette	DEBUG	[2147483649] Received observer notification outer-window-destroyed for 2147483665
1538705506093	Marionette	DEBUG	[2147483649] Received observer notification outer-window-destroyed for 2147483659
1538705506093	Marionette	DEBUG	[2147483649] Received observer notification outer-window-destroyed for 2147483675
1538705506094	Marionette	DEBUG	[2147483649] Received observer notification outer-window-destroyed for 2147483669
1538705506096	Marionette	DEBUG	[2147483649] Received observer notification outer-window-destroyed for 2147483660
1538705506097	Marionette	DEBUG	[2147483649] Received observer notification outer-window-destroyed for 2147483681
1538705506138	Marionette	DEBUG	[2147483649] Received DOM event DOMContentLoaded for https://www.dominos.ca/pages/order/
1538705507652	Marionette	DEBUG	[2147483649] Received DOM event pageshow for https://www.dominos.ca/pages/order/#/locations/search/
1538705508018	Marionette	DEBUG	[2147483649] Canceled page load listener because no navigation has been detected
1538705510481	Marionette	DEBUG	[2147483649] Canceled page load listener because no navigation has been detected
1538705952541	mozrunner::runner	INFO	Running command: "/usr/bin/firefox" "-marionette" "-foreground" "-no-remote" "-profile" "/tmp/rust_mozprofile.64KUO7mK7Vz0"
1538705956641	Marionette	INFO	Listening on port 34569
1538705956664	Marionette	WARN	TLS certificate errors will be ignored for this session
1538705956744	Marionette	DEBUG	[2147483649] Frame script loaded
1538705956749	Marionette	DEBUG	[2147483649] Frame script registered
1538705956774	Marionette	DEBUG	[2147483649] Received DOM event beforeunload for about:blank
1538705959669	Marionette	DEBUG	[2147483649] Received DOM event pagehide for about:blank
1538705960695	Marionette	DEBUG	[2147483649] Received DOM event DOMContentLoaded for https://www.dominos.ca/
1538705966113	Marionette	DEBUG	[2147483649] Received DOM event pageshow for https://www.dominos.ca/
1538705966185	Marionette	DEBUG	[2147483649] Received DOM event beforeunload for https://www.dominos.ca/
1538705966291	Marionette	DEBUG	[2147483649] Received DOM event pagehide for https://www.dominos.ca/
1538705966295	Marionette	DEBUG	[2147483649] Received DOM event unload for https://www.dominos.ca/
1538705966692	Marionette	DEBUG	[2147483649] Received observer notification outer-window-destroyed for 2147483653
1538705966692	Marionette	DEBUG	[2147483649] Received observer notification outer-window-destroyed for 2147483655
1538705966693	Marionette	DEBUG	[2147483649] Received observer notification outer-window-destroyed for 2147483672
1538705966693	Marionette	DEBUG	[2147483649] Received observer notification outer-window-destroyed for 2147483669
1538705966694	Marionette	DEBUG	[2147483649] Received observer notification outer-window-destroyed for 2147483657
1538705966694	Marionette	DEBUG	[2147483649] Received observer notification outer-window-destroyed for 2147483675
1538705966695	Marionette	DEBUG	[2147483649] Received observer notification outer-window-destroyed for 2147483666
1538705966696	Marionette	DEBUG	[2147483649] Received observer notification outer-window-destroyed for 2147483658
1538705966696	Marionette	DEBUG	[2147483649] Received observer notification outer-window-destroyed for 2147483674
1538705966696	Marionette	DEBUG	[2147483649] Received observer notification outer-window-destroyed for 2147483668
1538705966697	Marionette	DEBUG	[2147483649] Received observer notification outer-window-destroyed for 2147483659
1538705966697	Marionette	DEBUG	[2147483649] Received observer notification outer-window-destroyed for 2147483680
1538705966829	Marionette	DEBUG	[2147483649] Received DOM event DOMContentLoaded for https://www.dominos.ca/pages/order/
1538705967592	Marionette	DEBUG	[2147483649] Received DOM event pageshow for https://www.dominos.ca/pages/order/#/locations/search/
1538705967982	Marionette	DEBUG	[2147483649] Canceled page load listener because no navigation has been detected
1538705970453	Marionette	DEBUG	[2147483649] Canceled page load listener because no navigation has been detected
1538705972587	Marionette	DEBUG	[2147483649] Received observer notification outer-window-destroyed for 2147483694
1538705972741	Marionette	DEBUG	[2147483649] Canceled page load listener because no navigation has been detected
